<?xml version="1.0" encoding="UTF-8"?>
<!-- Generated by org.testng.reporters.JUnitReportReporter -->
<testsuite hostname="ALT-LT-415" failures="0" tests="1" name="testcases.Register" time="3.751" errors="0" timestamp="2023-04-29T16:03:21 IST" skipped="0">
  <testcase classname="testcases.Register" name="signUp" time="3.751"/>
  <system-out/>
</testsuite> <!-- testcases.Register -->
