<?xml version="1.0" encoding="UTF-8"?>
<!-- Generated by org.testng.reporters.JUnitReportReporter -->
<testsuite hostname="ALT-LT-415" failures="0" tests="1" name="Runner.TestRunner" time="2.501" errors="0" timestamp="2023-05-09T11:38:40 IST" skipped="0">
  <testcase classname="Runner.TestRunner" name="runScenario" time="2.501"/>
  <system-out/>
</testsuite> <!-- Runner.TestRunner -->
