<?xml version="1.0" encoding="UTF-8"?>
<!-- Generated by org.testng.reporters.JUnitReportReporter -->
<testsuite hostname="ALT-LT-415" failures="0" tests="1" name="testcases.GetBookingList" time="2.709" errors="0" timestamp="2023-05-09T11:39:53 IST" skipped="0">
  <testcase classname="testcases.GetBookingList" name="getBookingsList" time="2.709"/>
  <system-out/>
</testsuite> <!-- testcases.GetBookingList -->
