<?xml version="1.0" encoding="UTF-8"?>
<!-- Generated by org.testng.reporters.JUnitReportReporter -->
<testsuite hostname="ALT-LT-415" failures="0" tests="1" name="testcases.HomePageTest" time="2.768" errors="0" timestamp="2023-04-25T23:03:27 IST" skipped="0">
  <testcase classname="testcases.HomePageTest" name="signUp" time="2.768"/>
  <system-out/>
</testsuite> <!-- testcases.HomePageTest -->
