<?xml version="1.0" encoding="UTF-8"?>
<!-- Generated by org.testng.reporters.JUnitReportReporter -->
<testsuite hostname="ALT-LT-415" failures="0" tests="1" name="testcases.Login" time="2.528" errors="0" timestamp="2023-04-29T16:17:14 IST" skipped="0">
  <testcase classname="testcases.Login" name="loginTest" time="2.528"/>
  <system-out/>
</testsuite> <!-- testcases.Login -->
