<?xml version="1.0" encoding="UTF-8"?>
<!-- Generated by org.testng.reporters.JUnitReportReporter -->
<testsuite hostname="ALT-LT-415" failures="0" tests="1" name="testcases.Register" time="2.906" errors="0" timestamp="2023-05-09T11:39:53 IST" skipped="0">
  <testcase classname="testcases.Register" name="signUp" time="2.906"/>
  <system-out/>
</testsuite> <!-- testcases.Register -->
