<?xml version="1.0" encoding="UTF-8"?>
<!-- Generated by org.testng.reporters.JUnitReportReporter -->
<testsuite hostname="ALT-LT-415" failures="0" tests="1" name="testcases.Login" time="1.505" errors="0" timestamp="2023-05-09T11:20:50 IST" skipped="0">
  <testcase classname="testcases.Login" name="loginTest" time="1.505"/>
  <system-out/>
</testsuite> <!-- testcases.Login -->
